

*************************
*************************

Begin log for program initialized on Mon Jun 29 10:46:08 2015
0 replies, 0 downvotes. 

Mon Jun 29 10:51:13 2015
0 replies, 0 downvotes. 

Mon Jun 29 10:55:23 2015
2 replies, 3 downvotes. 

Mon Jun 29 10:56:14 2015
0 replies, 0 downvotes. 

Mon Jun 29 11:01:15 2015
0 replies, 0 downvotes. 

Mon Jun 29 11:05:32 2015
2 replies, 3 downvotes. 

Mon Jun 29 11:06:21 2015
0 replies, 0 downvotes. 

Mon Jun 29 11:11:41 2015
0 replies, 0 downvotes. 

Mon Jun 29 11:15:33 2015
2 replies, 3 downvotes. 

Mon Jun 29 11:16:43 2015
0 replies, 0 downvotes. 

Mon Jun 29 11:21:44 2015
0 replies, 0 downvotes. 

Mon Jun 29 11:25:45 2015
2 replies, 3 downvotes. 

Mon Jun 29 11:26:55 2015
0 replies, 0 downvotes. 

Mon Jun 29 11:31:55 2015
0 replies, 0 downvotes. 

Mon Jun 29 11:35:55 2015
2 replies, 3 downvotes. 

Mon Jun 29 11:37:06 2015
0 replies, 0 downvotes. 

Mon Jun 29 11:42:07 2015
0 replies, 0 downvotes. 

Mon Jun 29 11:45:55 2015
2 replies, 3 downvotes. 

Mon Jun 29 11:47:08 2015
0 replies, 0 downvotes. 

Mon Jun 29 11:52:19 2015
0 replies, 0 downvotes. 

Mon Jun 29 11:56:05 2015
2 replies, 3 downvotes. 

Mon Jun 29 11:57:20 2015
0 replies, 0 downvotes. 

Mon Jun 29 12:02:21 2015
0 replies, 0 downvotes. 

Mon Jun 29 12:06:06 2015
2 replies, 3 downvotes. 

Mon Jun 29 12:07:23 2015
0 replies, 0 downvotes. 

I know you're a spelling bot, but please try to be a little less rude. 
Mon Jun 29 12:12:37 2015
1 replies, 1 downvotes. 

I know you're a spelling bot, but please try to be a little less rude. 
Mon Jun 29 12:16:13 2015
3 replies, 4 downvotes. 

Mon Jun 29 12:17:38 2015
1 replies, 1 downvotes. 

Mon Jun 29 12:22:39 2015
1 replies, 1 downvotes. 

Mon Jun 29 12:26:23 2015
3 replies, 4 downvotes. 

Mon Jun 29 12:27:49 2015
1 replies, 1 downvotes. 

Mon Jun 29 12:32:50 2015
1 replies, 1 downvotes. 

Mon Jun 29 12:36:24 2015
3 replies, 4 downvotes. 

Mon Jun 29 12:37:59 2015
1 replies, 1 downvotes. 

Mon Jun 29 12:43:00 2015
1 replies, 1 downvotes. 

Mon Jun 29 12:46:25 2015
3 replies, 4 downvotes. 

Mon Jun 29 12:48:01 2015
1 replies, 1 downvotes. 

Mon Jun 29 12:53:11 2015
1 replies, 1 downvotes. 

Mon Jun 29 12:56:27 2015
3 replies, 4 downvotes. 

Mon Jun 29 12:58:12 2015
1 replies, 1 downvotes. 

Mon Jun 29 13:03:13 2015
1 replies, 1 downvotes. 

Mon Jun 29 13:06:38 2015
3 replies, 4 downvotes. 

Mon Jun 29 13:08:14 2015
1 replies, 1 downvotes. 

Mon Jun 29 13:13:21 2015
1 replies, 1 downvotes. 

Mon Jun 29 13:16:39 2015
3 replies, 4 downvotes. 

Mon Jun 29 13:18:22 2015
1 replies, 1 downvotes. 

stuff from the finally block